This file contains any messages produced by compilers while
running configure, to aid debugging if configure makes a mistake.

configure:734: checking for a BSD compatible install
configure:787: checking whether build environment is sane
configure:858: checking for mawk
configure:888: checking whether make sets ${MAKE}
configure:1010: checking for strerror in -lcposix
configure:1054: checking for gcc
configure:1167: checking whether the C compiler (gcc  ) works
configure:1183: gcc -o conftest    conftest.c  1>&5
configure:1209: checking whether the C compiler (gcc  ) is a cross-compiler
configure:1214: checking whether we are using GNU C
configure:1242: checking whether gcc accepts -g
configure:1281: checking for style of include used by make
configure:1315: checking dependency style of gcc
configure:1385: checking for gcc option to accept ANSI C
configure:1463: checking how to run the C preprocessor
configure:1543: checking for ANSI C header files
configure:1658: checking for Cygwin environment
configure:1691: checking for mingw32 environment
configure:1795: checking host system type
configure:1816: checking build system type
configure:1845: checking for ld used by GCC
configure:1913: checking if the linker (/usr/bin/ld) is GNU ld
configure:1930: checking for /usr/bin/ld option to reload object files
configure:1942: checking for BSD-compatible nm
configure:1980: checking for a sed that does not truncate output
configure:2064: checking whether ln -s works
configure:2085: checking how to recognise dependent libraries
configure:2271: checking for object suffix
configure:2297: checking for executable suffix
configure:2338: checking command to parse /usr/bin/nm -B output
configure:2524: checking for dlfcn.h
configure:2703: checking for ranlib
configure:2770: checking for strip
configure:3013: checking for objdir
configure:3040: checking for gcc option to produce PIC
configure:3188: checking if gcc PIC flag    -fPIC works
configure:3254: checking if gcc static flag -static works
configure:3296: checking if gcc supports -c -o file.o
configure:3344: checking if gcc supports -c -o file.lo
configure:3412: checking if gcc supports -fno-rtti -fno-exceptions
configure:3425: gcc -c -g -O2 -fno-rtti -fno-exceptions -c conftest.c  conftest.c 1>&5
cc1: warning: "-fno-rtti" is valid for C++ but not for C/ObjC
cc1: warning: "-fno-rtti" is valid for C++ but not for C/ObjC
configure:3452: checking whether the linker (/usr/bin/ld) supports shared libraries
configure:4151: checking how to hardcode library paths into programs
configure:4179: checking whether stripping libraries is possible
configure:4193: checking dynamic linker characteristics
configure:4617: checking if libtool supports shared libraries
configure:4621: checking whether to build shared libraries
configure:4644: checking whether to build static libraries
configure:5180: checking whether -lc should be explicitly linked in
configure:5791: checking for pkg-config
configure:5835: checking for gtk+-2.0 gdk-2.0
configure:5842: checking GTK_CFLAGS
configure:5847: checking GTK_LIBS
